

Processing AboutController#msg (for 127.0.0.1 at 2010-12-03 16:29:54) [GET]
Rendering template within layouts/application
Rendering about/msg
Completed in 78ms (View: 78, DB: 0) | 200 OK [http://localhost/about/msg]


Processing UserController#login (for 127.0.0.1 at 2010-12-03 16:30:02) [GET]
Rendering template within layouts/application
Rendering user/login
Completed in 31ms (View: 31, DB: 0) | 200 OK [http://localhost/user/login]


Processing AboutController#msg (for 127.0.0.1 at 2010-12-03 16:30:17) [GET]
Rendering template within layouts/application
Rendering about/msg
Completed in 16ms (View: 16, DB: 0) | 200 OK [http://localhost/about/msg]


Processing HomeController#index (for 127.0.0.1 at 2010-12-03 16:30:23) [GET]
Rendering template within layouts/application
Rendering home/index
Completed in 16ms (View: 16, DB: 0) | 200 OK [http://localhost/home]


Processing AboutController#msg (for 127.0.0.1 at 2010-12-03 16:32:50) [GET]
Rendering template within layouts/application
Rendering about/msg
Completed in 78ms (View: 78, DB: 0) | 200 OK [http://localhost/about/msg]
